#
# A fatal error has been detected by the Java Runtime Environment:
#
#  SIGSEGV (0xb) at pc=0x000000010e45ee58, pid=1386, tid=13319
#
# JRE version: 7.0_21-b12
# Java VM: Java HotSpot(TM) 64-Bit Server VM (23.21-b01 mixed mode bsd-amd64 compressed oops)
# Problematic frame:
# V  [libjvm.dylib+0x25ee58]
#
# Failed to write core dump. Core dumps have been disabled. To enable core dumping, try "ulimit -c unlimited" before starting Java again
#
# If you would like to submit a bug report, please visit:
#   http://bugreport.sun.com/bugreport/crash.jsp
#

---------------  T H R E A D  ---------------

Current thread (0x00007fd5ae000000):  JavaThread "JDWP Transport Listener: dt_socket" daemon [_thread_in_vm, id=13319, stack(0x0000000113de3000,0x0000000113ee3000)]

siginfo:si_signo=SIGSEGV: si_errno=0, si_code=1 (SEGV_MAPERR), si_addr=0x000000000000000c

Registers:
RAX=0x0000000000000000, RBX=0x00000007ea25ab48, RCX=0x000000000000000c, RDX=0x0000000000000000
RSP=0x0000000113ee2a50, RBP=0x0000000113ee2a50, RSI=0x00007fd5b1c20e00, RDI=0x00000007ea25ab48
R8 =0x0000000000000018, R9 =0x00000000fff80000, R10=0x000000000310319c, R11=0xffff802b625adcd0
R12=0x00007fd5ae000000, R13=0x00007fd5b19522c0, R14=0x0000000000000000, R15=0x0000000000000000
RIP=0x000000010e45ee58, EFLAGS=0x0000000000010202, ERR=0x0000000000000004
  TRAPNO=0x000000000000000e

Top of Stack: (sp=0x0000000113ee2a50)
0x0000000113ee2a50:   0000000113ee2a80 000000010e48f592
0x0000000113ee2a60:   0000000000000000 0000000000000000
0x0000000113ee2a70:   00000007ea25ab48 00007fd5ae0001d8
0x0000000113ee2a80:   0000000113ee2af0 000000010e49ed89
0x0000000113ee2a90:   00007fd5ae000000 00007fd5ae000000
0x0000000113ee2aa0:   0000000000000000 0000000000000000
0x0000000113ee2ab0:   00007fd5ae0001d8 00007fd5ae000000
0x0000000113ee2ac0:   00007fd5ae000000 0000000113ee2b48
0x0000000113ee2ad0:   00007fd5b1c20e00 00007fd5b19522c0
0x0000000113ee2ae0:   0000000113ee2cd0 00007fd5ae0001d8
0x0000000113ee2af0:   0000000113ee2b20 000000010ece065e
0x0000000113ee2b00:   0000000113ee2cd0 000000010ed00da4
0x0000000113ee2b10:   0000000113ee2b48 000000010ed0c568
0x0000000113ee2b20:   0000000113ee2d40 000000010ece775e
0x0000000113ee2b30:   00001b3b00000013 0000000000010a00
0x0000000113ee2b40:   00007fd5b1934de0 0000000113ee2b98
0x0000000113ee2b50:   00007fd50000012c 0000000113ee2b60
0x0000000113ee2b60:   00007fd500000000 0000000113ee2b98
0x0000000113ee2b70:   0000000000000000 00007f0000000000
0x0000000113ee2b80:   00001b3b00000018 00007fff0000d080
0x0000000113ee2b90:   0000000113ee2b98 0000005b01000000
0x0000000113ee2ba0:   6575517800000000 7f000040302d6575
0x0000000113ee2bb0:   000000b814c2b1d5 0000000900000000
0x0000000113ee2bc0:   00000101004f0000 0000700000000000
0x0000000113ee2bd0:   0000708eefaad57f 00001f0000000000
0x0000000113ee2be0:   000102004f000000 006d000000000000
0x0000000113ee2bf0:   00104d93b1d57f00 0015000000000000
0x0000000113ee2c00:   0103004f00000000 5200000000000000
0x0000000113ee2c10:   0093d1aad57f0000 0d00000000000000
0x0000000113ee2c20:   04004f0000000000 0000000000000001
0x0000000113ee2c30:   74a6b1d57f000016 0000000000000070
0x0000000113ee2c40:   004f00000000002e 0000000000000105 

Instructions: (pc=0x000000010e45ee58)
0x000000010e45ee38:   eb 16 48 8d 35 ff 57 45 00 8a 4e 08 48 d3 e2 48
0x000000010e45ee48:   03 16 eb 04 48 8b 14 0f 84 c0 0f 94 c0 0f b6 c0
0x000000010e45ee58:   8b 44 82 0c 5d c3 8b 04 07 5d c3 90 55 48 89 e5
0x000000010e45ee68:   48 83 ec 10 48 83 ce 01 48 89 75 f0 8b 47 68 8b 

Register to memory mapping:

RAX=0x0000000000000000 is an unknown value
RBX=
[error occurred during error reporting (printing register info), id 0xb]

Stack: [0x0000000113de3000,0x0000000113ee3000],  sp=0x0000000113ee2a50,  free space=1022k
Native frames: (J=compiled Java code, j=interpreted, Vv=VM code, C=native code)
V  [libjvm.dylib+0x25ee58]
V  [libjvm.dylib+0x28f592]
V  [libjvm.dylib+0x29ed89]
C  [libjdwp.dylib+0x765e]  value+0x96
C  [libjdwp.dylib+0xe75e]  debugLoop_run+0x1ce
C  [libjdwp.dylib+0x1f1ba]  attachThread+0x4d
V  [libjvm.dylib+0x30bc02]
V  [libjvm.dylib+0x479af4]
V  [libjvm.dylib+0x47afda]
V  [libjvm.dylib+0x3b688d]
C  [libsystem_pthread.dylib+0x32fc]  _pthread_body+0x83
C  [libsystem_pthread.dylib+0x3279]  _pthread_body+0x0
C  [libsystem_pthread.dylib+0x14b1]  thread_start+0xd


---------------  P R O C E S S  ---------------

Java Threads: ( => current thread )
  0x00007fd5ad959000 JavaThread "TimerQueue" daemon [_thread_blocked, id=57887, stack(0x000000011f513000,0x000000011f613000)]
  0x00007fd5ab00c000 JavaThread "DestroyJavaVM" [_thread_blocked, id=4355, stack(0x000000010d0d2000,0x000000010d1d2000)]
  0x00007fd5ab143000 JavaThread "AWT-EventQueue-0" [_thread_blocked, id=51223, stack(0x000000011e199000,0x000000011e299000)]
  0x00007fd5ac8fb800 JavaThread "Java2D Disposer" daemon [_thread_blocked, id=47619, stack(0x000000011935a000,0x000000011945a000)]
  0x00007fd5ad869000 JavaThread "Java2D Queue Flusher" daemon [_thread_blocked, id=45319, stack(0x0000000118599000,0x0000000118699000)]
  0x00007fd5ad803800 JavaThread "AWT-Shutdown" [_thread_blocked, id=16135, stack(0x000000011477a000,0x000000011487a000)]
  0x00007fd5ad802800 JavaThread "AppKit Thread" daemon [_thread_in_native, id=1811, stack(0x00007fff52bc4000,0x00007fff52c44000)]
  0x00007fd5ac857800 JavaThread "Service Thread" daemon [_thread_blocked, id=14595, stack(0x00000001142f2000,0x00000001143f2000)]
  0x00007fd5ac856000 JavaThread "C2 CompilerThread1" daemon [_thread_blocked, id=14339, stack(0x00000001141ef000,0x00000001142ef000)]
  0x00007fd5ac857000 JavaThread "C2 CompilerThread0" daemon [_thread_blocked, id=14083, stack(0x00000001140ec000,0x00000001141ec000)]
  0x00007fd5ae800000 JavaThread "JDWP Command Reader" daemon [_thread_in_native, id=13827, stack(0x0000000113fe9000,0x00000001140e9000)]
  0x00007fd5ad003000 JavaThread "JDWP Event Helper Thread" daemon [_thread_blocked, id=13571, stack(0x0000000113ee6000,0x0000000113fe6000)]
=>0x00007fd5ae000000 JavaThread "JDWP Transport Listener: dt_socket" daemon [_thread_in_vm, id=13319, stack(0x0000000113de3000,0x0000000113ee3000)]
  0x00007fd5ac853800 JavaThread "Signal Dispatcher" daemon [_thread_blocked, id=9999, stack(0x0000000113cda000,0x0000000113dda000)]
  0x00007fd5ac84b000 JavaThread "Finalizer" daemon [_thread_blocked, id=8707, stack(0x0000000112394000,0x0000000112494000)]
  0x00007fd5ad800000 JavaThread "Reference Handler" daemon [_thread_blocked, id=8451, stack(0x0000000112291000,0x0000000112391000)]

Other Threads:
  0x00007fd5ac84a800 VMThread [stack: 0x000000011218e000,0x000000011228e000] [id=8195]
  0x00007fd5ac861800 WatcherThread [stack: 0x00000001143f5000,0x00000001144f5000] [id=14851]

VM state:not at safepoint (normal execution)

VM Mutex/Monitor currently owned by a thread: None

Heap
 def new generation   total 5184K, used 883K [0x00000007ea200000, 0x00000007ea790000, 0x00000007efb50000)
  eden space 4672K,   7% used [0x00000007ea200000, 0x00000007ea25cf38, 0x00000007ea690000)
  from space 512K, 100% used [0x00000007ea710000, 0x00000007ea790000, 0x00000007ea790000)
  to   space 512K,   0% used [0x00000007ea690000, 0x00000007ea690000, 0x00000007ea710000)
 tenured generation   total 11392K, used 2156K [0x00000007efb50000, 0x00000007f0670000, 0x00000007fae00000)
   the space 11392K,  18% used [0x00000007efb50000, 0x00000007efd6b100, 0x00000007efd6b200, 0x00000007f0670000)
 compacting perm gen  total 21248K, used 10830K [0x00000007fae00000, 0x00000007fc2c0000, 0x0000000800000000)
   the space 21248K,  50% used [0x00000007fae00000, 0x00000007fb893800, 0x00000007fb893800, 0x00000007fc2c0000)
No shared spaces configured.

Card table byte_map: [0x0000000111dd6000,0x0000000111e86000] byte_map_base: 0x000000010de85000

Polling page: 0x000000010d1e1000

Code Cache  [0x000000010ed16000, 0x000000010ef86000, 0x0000000111d16000)
 total_blobs=437 nmethods=20 adapters=378 free_code_cache=48609Kb largest_free_block=49764480

Compilation events (10 events):
Event: 1.465 Thread 0x00007fd5ac857000   15             sun.font.Font2D::setStyle (114 bytes)
Event: 1.466 Thread 0x00007fd5ac856000   16             java.lang.String::indexOf (25 bytes)
Event: 1.467 Thread 0x00007fd5ac856000 nmethod 16 0x000000010ed90110 code [0x000000010ed90260, 0x000000010ed903e8]
Event: 1.467 Thread 0x00007fd5ac856000   17             java.lang.String::indexOf (7 bytes)
Event: 1.468 Thread 0x00007fd5ac856000 nmethod 17 0x000000010ed8fc50 code [0x000000010ed8fda0, 0x000000010ed8ff28]
Event: 1.469 Thread 0x00007fd5ac857000 nmethod 15 0x000000010ed97c90 code [0x000000010ed97e20, 0x000000010ed98618]
Event: 1.530 Thread 0x00007fd5ac856000   18             sun.java2d.loops.GraphicsPrimitive::getUniqueID (5 bytes)
Event: 1.530 Thread 0x00007fd5ac856000 nmethod 18 0x000000010ed9bb10 code [0x000000010ed9bc40, 0x000000010ed9bc98]
Event: 4.092 Thread 0x00007fd5ac857000   19             java.util.Arrays::binarySearch0 (95 bytes)
Event: 4.096 Thread 0x00007fd5ac857000 nmethod 19 0x000000010ed9fe50 code [0x000000010ed9ffc0, 0x000000010eda0418]

GC Heap History (2 events):
Event: 4.161 GC heap before
{Heap before GC invocations=0 (full 0):
 def new generation   total 5184K, used 4672K [0x00000007ea200000, 0x00000007ea790000, 0x00000007efb50000)
  eden space 4672K, 100% used [0x00000007ea200000, 0x00000007ea690000, 0x00000007ea690000)
  from space 512K,   0% used [0x00000007ea690000, 0x00000007ea690000, 0x00000007ea710000)
  to   space 512K,   0% used [0x00000007ea710000, 0x00000007ea710000, 0x00000007ea790000)
 tenured generation   total 11392K, used 0K [0x00000007efb50000, 0x00000007f0670000, 0x00000007fae00000)
   the space 11392K,   0% used [0x00000007efb50000, 0x00000007efb50000, 0x00000007efb50200, 0x00000007f0670000)
 compacting perm gen  total 21248K, used 10742K [0x00000007fae00000, 0x00000007fc2c0000, 0x0000000800000000)
   the space 21248K,  50% used [0x00000007fae00000, 0x00000007fb87d868, 0x00000007fb87da00, 0x00000007fc2c0000)
No shared spaces configured.
Event: 4.172 GC heap after
Heap after GC invocations=1 (full 0):
 def new generation   total 5184K, used 512K [0x00000007ea200000, 0x00000007ea790000, 0x00000007efb50000)
  eden space 4672K,   0% used [0x00000007ea200000, 0x00000007ea200000, 0x00000007ea690000)
  from space 512K, 100% used [0x00000007ea710000, 0x00000007ea790000, 0x00000007ea790000)
  to   space 512K,   0% used [0x00000007ea690000, 0x00000007ea690000, 0x00000007ea710000)
 tenured generation   total 11392K, used 2156K [0x00000007efb50000, 0x00000007f0670000, 0x00000007fae00000)
   the space 11392K,  18% used [0x00000007efb50000, 0x00000007efd6b100, 0x00000007efd6b200, 0x00000007f0670000)
 compacting perm gen  total 21248K, used 10742K [0x00000007fae00000, 0x00000007fc2c0000, 0x0000000800000000)
   the space 21248K,  50% used [0x00000007fae00000, 0x00000007fb87d868, 0x00000007fb87da00, 0x00000007fc2c0000)
No shared spaces configured.
}

Deoptimization events (4 events):
Event: 4.159 Thread 0x00007fd5ab143000 Uncommon trap -34 fr.pc 0x000000010ed8b7e4
Event: 4.159 Thread 0x00007fd5ab143000 Uncommon trap -34 fr.pc 0x000000010ed8b7e4
Event: 4.161 Thread 0x00007fd5ab143000 Uncommon trap -34 fr.pc 0x000000010ed8b7e4
Event: 4.161 Thread 0x00007fd5ab143000 Uncommon trap -34 fr.pc 0x000000010ed8b7e4

Internal exceptions (10 events):
Event: 0.996 Thread 0x00007fd5ab00c000 Threw 0x00000007ea36a590 at /HUDSON/workspace/jdk7u21-2-build-macosx-amd64-product/jdk7u21/hotspot/src/share/vm/prims/jvm.cpp:1166
Event: 0.998 Thread 0x00007fd5ab00c000 Threw 0x00000007ea3756e8 at /HUDSON/workspace/jdk7u21-2-build-macosx-amd64-product/jdk7u21/hotspot/src/share/vm/prims/jvm.cpp:1166
Event: 0.998 Thread 0x00007fd5ab00c000 Threw 0x00000007ea375910 at /HUDSON/workspace/jdk7u21-2-build-macosx-amd64-product/jdk7u21/hotspot/src/share/vm/prims/jvm.cpp:1166
Event: 1.000 Thread 0x00007fd5ab00c000 Threw 0x00000007ea3795f0 at /HUDSON/workspace/jdk7u21-2-build-macosx-amd64-product/jdk7u21/hotspot/src/share/vm/prims/jvm.cpp:1166
Event: 1.000 Thread 0x00007fd5ab00c000 Threw 0x00000007ea37a718 at /HUDSON/workspace/jdk7u21-2-build-macosx-amd64-product/jdk7u21/hotspot/src/share/vm/prims/jvm.cpp:1166
Event: 1.002 Thread 0x00007fd5ab00c000 Threw 0x00000007ea386b78 at /HUDSON/workspace/jdk7u21-2-build-macosx-amd64-product/jdk7u21/hotspot/src/share/vm/prims/jvm.cpp:1166
Event: 1.002 Thread 0x00007fd5ab00c000 Threw 0x00000007ea387be8 at /HUDSON/workspace/jdk7u21-2-build-macosx-amd64-product/jdk7u21/hotspot/src/share/vm/prims/jvm.cpp:1166
Event: 1.021 Thread 0x00007fd5ab00c000 Threw 0x00000007ea3b2b90 at /HUDSON/workspace/jdk7u21-2-build-macosx-amd64-product/jdk7u21/hotspot/src/share/vm/prims/jvm.cpp:1166
Event: 1.022 Thread 0x00007fd5ab00c000 Threw 0x00000007ea3b67e8 at /HUDSON/workspace/jdk7u21-2-build-macosx-amd64-product/jdk7u21/hotspot/src/share/vm/prims/jvm.cpp:1166
Event: 4.038 Thread 0x00007fd5ab143000 Threw 0x00000007ea5eb0d8 at /HUDSON/workspace/jdk7u21-2-build-macosx-amd64-product/jdk7u21/hotspot/src/share/vm/prims/jvm.cpp:1166

Events (10 events):
Event: 122.651 Executing VM operation: GetCurrentLocation
Event: 122.651 Executing VM operation: GetCurrentLocation done
Event: 122.651 Executing VM operation: ChangeSingleStep
Event: 122.652 Executing VM operation: ChangeSingleStep done
Event: 122.652 Executing VM operation: ChangeSingleStep
Event: 122.652 Executing VM operation: ChangeSingleStep done
Event: 122.834 Executing VM operation: GetOrSetLocal
Event: 122.834 Executing VM operation: GetOrSetLocal done
Event: 123.619 Executing VM operation: GetOrSetLocal
Event: 123.619 Executing VM operation: GetOrSetLocal done


Dynamic libraries:
0x00000000031a9000 	/System/Library/Frameworks/Cocoa.framework/Versions/A/Cocoa
0x00000000031a9000 	/System/Library/Frameworks/Security.framework/Versions/A/Security
0x00000000031a9000 	/System/Library/Frameworks/ApplicationServices.framework/Versions/A/ApplicationServices
0x00000000031a9000 	/usr/lib/libz.1.dylib
0x00000000031a9000 	/usr/lib/libSystem.B.dylib
0x00000000031a9000 	/usr/lib/libobjc.A.dylib
0x00000000031a9000 	/System/Library/Frameworks/CoreFoundation.framework/Versions/A/CoreFoundation
0x00000000031a9000 	/System/Library/Frameworks/AppKit.framework/Versions/C/AppKit
0x00000000031a9000 	/System/Library/Frameworks/CoreData.framework/Versions/A/CoreData
0x00000000031a9000 	/System/Library/Frameworks/Foundation.framework/Versions/C/Foundation
0x00000000031a9000 	/System/Library/PrivateFrameworks/RemoteViewServices.framework/Versions/A/RemoteViewServices
0x00000000031a9000 	/System/Library/PrivateFrameworks/UIFoundation.framework/Versions/A/UIFoundation
0x00000000031a9000 	/System/Library/Frameworks/IOSurface.framework/Versions/A/IOSurface
0x00000000031a9000 	/System/Library/Frameworks/AudioToolbox.framework/Versions/A/AudioToolbox
0x00000000031a9000 	/System/Library/Frameworks/AudioUnit.framework/Versions/A/AudioUnit
0x00000000031a9000 	/System/Library/PrivateFrameworks/DataDetectorsCore.framework/Versions/A/DataDetectorsCore
0x00000000031a9000 	/System/Library/PrivateFrameworks/DesktopServicesPriv.framework/Versions/A/DesktopServicesPriv
0x00000000031a9000 	/System/Library/Frameworks/Carbon.framework/Versions/A/Frameworks/HIToolbox.framework/Versions/A/HIToolbox
0x00000000031a9000 	/System/Library/Frameworks/QuartzCore.framework/Versions/A/QuartzCore
0x00000000031a9000 	/System/Library/Frameworks/Carbon.framework/Versions/A/Frameworks/SpeechRecognition.framework/Versions/A/SpeechRecognition
0x00000000031a9000 	/usr/lib/libauto.dylib
0x00000000031a9000 	/usr/lib/libicucore.A.dylib
0x00000000031a9000 	/usr/lib/libxml2.2.dylib
0x00000000031a9000 	/System/Library/PrivateFrameworks/CoreUI.framework/Versions/A/CoreUI
0x00000000031a9000 	/System/Library/Frameworks/CoreAudio.framework/Versions/A/CoreAudio
0x00000000031a9000 	/System/Library/Frameworks/DiskArbitration.framework/Versions/A/DiskArbitration
0x00000000031a9000 	/usr/lib/liblangid.dylib
0x00000000031a9000 	/System/Library/PrivateFrameworks/MultitouchSupport.framework/Versions/A/MultitouchSupport
0x00000000031a9000 	/System/Library/Frameworks/IOKit.framework/Versions/A/IOKit
0x00000000031a9000 	/usr/lib/libDiagnosticMessagesClient.dylib
0x00000000031a9000 	/System/Library/Frameworks/CoreServices.framework/Versions/A/CoreServices
0x00000000031a9000 	/System/Library/PrivateFrameworks/PerformanceAnalysis.framework/Versions/A/PerformanceAnalysis
0x00000000031a9000 	/System/Library/PrivateFrameworks/GenerationalStorage.framework/Versions/A/GenerationalStorage
0x00000000031a9000 	/System/Library/Frameworks/OpenGL.framework/Versions/A/OpenGL
0x00000000031a9000 	/System/Library/PrivateFrameworks/Sharing.framework/Versions/A/Sharing
0x00000000031a9000 	/System/Library/Frameworks/CoreGraphics.framework/Versions/A/CoreGraphics
0x00000000031a9000 	/System/Library/Frameworks/CoreText.framework/Versions/A/CoreText
0x00000000031a9000 	/System/Library/Frameworks/ImageIO.framework/Versions/A/ImageIO
0x00000000031a9000 	/usr/lib/libextension.dylib
0x00000000031a9000 	/System/Library/PrivateFrameworks/Backup.framework/Versions/A/Backup
0x00000000031a9000 	/usr/lib/libarchive.2.dylib
0x00000000031a9000 	/System/Library/Frameworks/CFNetwork.framework/Versions/A/CFNetwork
0x00000000031a9000 	/System/Library/Frameworks/SystemConfiguration.framework/Versions/A/SystemConfiguration
0x00000000031a9000 	/usr/lib/libCRFSuite.dylib
0x00000000031a9000 	/usr/lib/libc++.1.dylib
0x00000000031a9000 	/usr/lib/libc++abi.dylib
0x00000000031a9000 	/usr/lib/system/libcache.dylib
0x00000000031a9000 	/usr/lib/system/libcommonCrypto.dylib
0x00000000031a9000 	/usr/lib/system/libcompiler_rt.dylib
0x00000000031a9000 	/usr/lib/system/libcopyfile.dylib
0x00000000031a9000 	/usr/lib/system/libcorecrypto.dylib
0x00000000031a9000 	/usr/lib/system/libdispatch.dylib
0x00000000031a9000 	/usr/lib/system/libdyld.dylib
0x00000000031a9000 	/usr/lib/system/libkeymgr.dylib
0x00000000031a9000 	/usr/lib/system/liblaunch.dylib
0x00000000031a9000 	/usr/lib/system/libmacho.dylib
0x00000000031a9000 	/usr/lib/system/libquarantine.dylib
0x00000000031a9000 	/usr/lib/system/libremovefile.dylib
0x00000000031a9000 	/usr/lib/system/libsystem_asl.dylib
0x00000000031a9000 	/usr/lib/system/libsystem_blocks.dylib
0x00000000031a9000 	/usr/lib/system/libsystem_c.dylib
0x00000000031a9000 	/usr/lib/system/libsystem_configuration.dylib
0x00000000031a9000 	/usr/lib/system/libsystem_coreservices.dylib
0x00000000031a9000 	/usr/lib/system/libsystem_coretls.dylib
0x00000000031a9000 	/usr/lib/system/libsystem_dnssd.dylib
0x00000000031a9000 	/usr/lib/system/libsystem_info.dylib
0x00000000031a9000 	/usr/lib/system/libsystem_kernel.dylib
0x00000000031a9000 	/usr/lib/system/libsystem_m.dylib
0x00000000031a9000 	/usr/lib/system/libsystem_malloc.dylib
0x00000000031a9000 	/usr/lib/system/libsystem_network.dylib
0x00000000031a9000 	/usr/lib/system/libsystem_networkextension.dylib
0x00000000031a9000 	/usr/lib/system/libsystem_notify.dylib
0x00000000031a9000 	/usr/lib/system/libsystem_platform.dylib
0x00000000031a9000 	/usr/lib/system/libsystem_pthread.dylib
0x00000000031a9000 	/usr/lib/system/libsystem_sandbox.dylib
0x00000000031a9000 	/usr/lib/system/libsystem_secinit.dylib
0x00000000031a9000 	/usr/lib/system/libsystem_stats.dylib
0x00000000031a9000 	/usr/lib/system/libsystem_trace.dylib
0x00000000031a9000 	/usr/lib/system/libunc.dylib
0x00000000031a9000 	/usr/lib/system/libunwind.dylib
0x00000000031a9000 	/usr/lib/system/libxpc.dylib
0x00000000031a9000 	/usr/lib/libbz2.1.0.dylib
0x00000000031a9000 	/usr/lib/liblzma.5.dylib
0x00000000031a9000 	/usr/lib/libbsm.0.dylib
0x00000000031a9000 	/usr/lib/libsqlite3.dylib
0x00000000031a9000 	/usr/lib/system/libkxld.dylib
0x00000000031a9000 	/usr/lib/libxar.1.dylib
0x00000000031a9000 	/usr/lib/libpam.2.dylib
0x00000000031a9000 	/usr/lib/libOpenScriptingUtil.dylib
0x00000000031a9000 	/System/Library/Frameworks/CoreServices.framework/Versions/A/Frameworks/FSEvents.framework/Versions/A/FSEvents
0x00000000031a9000 	/System/Library/Frameworks/CoreServices.framework/Versions/A/Frameworks/CarbonCore.framework/Versions/A/CarbonCore
0x00000000031a9000 	/System/Library/Frameworks/CoreServices.framework/Versions/A/Frameworks/Metadata.framework/Versions/A/Metadata
0x00000000031a9000 	/System/Library/Frameworks/CoreServices.framework/Versions/A/Frameworks/OSServices.framework/Versions/A/OSServices
0x00000000031a9000 	/System/Library/Frameworks/CoreServices.framework/Versions/A/Frameworks/SearchKit.framework/Versions/A/SearchKit
0x00000000031a9000 	/System/Library/Frameworks/CoreServices.framework/Versions/A/Frameworks/AE.framework/Versions/A/AE
0x00000000031a9000 	/System/Library/Frameworks/CoreServices.framework/Versions/A/Frameworks/LaunchServices.framework/Versions/A/LaunchServices
0x00000000031a9000 	/System/Library/Frameworks/CoreServices.framework/Versions/A/Frameworks/DictionaryServices.framework/Versions/A/DictionaryServices
0x00000000031a9000 	/System/Library/Frameworks/NetFS.framework/Versions/A/NetFS
0x00000000031a9000 	/System/Library/PrivateFrameworks/NetAuth.framework/Versions/A/NetAuth
0x00000000031a9000 	/System/Library/PrivateFrameworks/login.framework/Versions/A/Frameworks/loginsupport.framework/Versions/A/loginsupport
0x00000000031a9000 	/System/Library/PrivateFrameworks/TCC.framework/Versions/A/TCC
0x00000000031a9000 	/usr/lib/libmecabra.dylib
0x00000000031a9000 	/System/Library/PrivateFrameworks/LanguageModeling.framework/Versions/A/LanguageModeling
0x00000000031a9000 	/usr/lib/libcmph.dylib
0x00000000031a9000 	/usr/lib/libiconv.2.dylib
0x00000000031a9000 	/System/Library/Frameworks/OpenDirectory.framework/Versions/A/Frameworks/CFOpenDirectory.framework/Versions/A/CFOpenDirectory
0x00000000031a9000 	/System/Library/Frameworks/ServiceManagement.framework/Versions/A/ServiceManagement
0x00000000031a9000 	/usr/lib/libxslt.1.dylib
0x00000000031a9000 	/System/Library/Frameworks/Carbon.framework/Versions/A/Frameworks/Ink.framework/Versions/A/Ink
0x00000000031a9000 	/System/Library/Frameworks/ApplicationServices.framework/Versions/A/Frameworks/ATS.framework/Versions/A/ATS
0x00000000031a9000 	/System/Library/Frameworks/ApplicationServices.framework/Versions/A/Frameworks/ColorSync.framework/Versions/A/ColorSync
0x00000000031a9000 	/System/Library/Frameworks/ApplicationServices.framework/Versions/A/Frameworks/HIServices.framework/Versions/A/HIServices
0x00000000031a9000 	/System/Library/Frameworks/ApplicationServices.framework/Versions/A/Frameworks/LangAnalysis.framework/Versions/A/LangAnalysis
0x00000000031a9000 	/System/Library/Frameworks/ApplicationServices.framework/Versions/A/Frameworks/PrintCore.framework/Versions/A/PrintCore
0x00000000031a9000 	/System/Library/Frameworks/ApplicationServices.framework/Versions/A/Frameworks/QD.framework/Versions/A/QD
0x00000000031a9000 	/System/Library/Frameworks/ApplicationServices.framework/Versions/A/Frameworks/SpeechSynthesis.framework/Versions/A/SpeechSynthesis
0x00000000031a9000 	/System/Library/Frameworks/Accelerate.framework/Versions/A/Accelerate
0x00000000031a9000 	/System/Library/Frameworks/Accelerate.framework/Versions/A/Frameworks/vImage.framework/Versions/A/vImage
0x00000000031a9000 	/System/Library/Frameworks/Accelerate.framework/Versions/A/Frameworks/vecLib.framework/Versions/A/vecLib
0x00000000031a9000 	/System/Library/Frameworks/Accelerate.framework/Versions/A/Frameworks/vecLib.framework/Versions/A/libvDSP.dylib
0x00000000031a9000 	/System/Library/Frameworks/Accelerate.framework/Versions/A/Frameworks/vecLib.framework/Versions/A/libvMisc.dylib
0x00000000031a9000 	/System/Library/Frameworks/Accelerate.framework/Versions/A/Frameworks/vecLib.framework/Versions/A/libLAPACK.dylib
0x00000000031a9000 	/System/Library/Frameworks/Accelerate.framework/Versions/A/Frameworks/vecLib.framework/Versions/A/libBLAS.dylib
0x00000000031a9000 	/System/Library/Frameworks/Accelerate.framework/Versions/A/Frameworks/vecLib.framework/Versions/A/libLinearAlgebra.dylib
0x00000000031a9000 	/System/Library/Frameworks/ApplicationServices.framework/Versions/A/Frameworks/ATS.framework/Versions/A/Resources/libFontParser.dylib
0x00000000031a9000 	/System/Library/Frameworks/ApplicationServices.framework/Versions/A/Frameworks/ATS.framework/Versions/A/Resources/libFontRegistry.dylib
0x00000000031a9000 	/System/Library/PrivateFrameworks/AppleVPA.framework/Versions/A/AppleVPA
0x00000000031a9000 	/System/Library/PrivateFrameworks/AppleJPEG.framework/Versions/A/AppleJPEG
0x00000000031a9000 	/System/Library/Frameworks/ImageIO.framework/Versions/A/Resources/libJPEG.dylib
0x00000000031a9000 	/System/Library/Frameworks/ImageIO.framework/Versions/A/Resources/libTIFF.dylib
0x00000000031a9000 	/System/Library/Frameworks/ImageIO.framework/Versions/A/Resources/libPng.dylib
0x00000000031a9000 	/System/Library/Frameworks/ImageIO.framework/Versions/A/Resources/libGIF.dylib
0x00000000031a9000 	/System/Library/Frameworks/ImageIO.framework/Versions/A/Resources/libJP2.dylib
0x00000000031a9000 	/System/Library/Frameworks/ImageIO.framework/Versions/A/Resources/libRadiance.dylib
0x00000000031a9000 	/System/Library/Frameworks/CoreVideo.framework/Versions/A/CoreVideo
0x00000000031a9000 	/System/Library/Frameworks/OpenGL.framework/Versions/A/Libraries/libGLU.dylib
0x00000000031a9000 	/System/Library/Frameworks/OpenGL.framework/Versions/A/Libraries/libGFXShared.dylib
0x00000000031a9000 	/System/Library/Frameworks/OpenGL.framework/Versions/A/Libraries/libGL.dylib
0x00000000031a9000 	/System/Library/Frameworks/OpenGL.framework/Versions/A/Libraries/libGLImage.dylib
0x00000000031a9000 	/System/Library/Frameworks/OpenGL.framework/Versions/A/Libraries/libCVMSPluginSupport.dylib
0x00000000031a9000 	/System/Library/Frameworks/OpenGL.framework/Versions/A/Libraries/libCoreVMClient.dylib
0x00000000031a9000 	/usr/lib/libcups.2.dylib
0x00000000031a9000 	/System/Library/Frameworks/Kerberos.framework/Versions/A/Kerberos
0x00000000031a9000 	/System/Library/Frameworks/GSS.framework/Versions/A/GSS
0x00000000031a9000 	/usr/lib/libresolv.9.dylib
0x00000000031a9000 	/System/Library/PrivateFrameworks/Heimdal.framework/Versions/A/Heimdal
0x00000000031a9000 	/usr/lib/libheimdal-asn1.dylib
0x00000000031a9000 	/System/Library/Frameworks/OpenDirectory.framework/Versions/A/OpenDirectory
0x00000000031a9000 	/System/Library/PrivateFrameworks/CommonAuth.framework/Versions/A/CommonAuth
0x00000000031a9000 	/System/Library/Frameworks/SecurityFoundation.framework/Versions/A/SecurityFoundation
0x00000000031a9000 	/System/Library/Frameworks/QuartzCore.framework/Versions/A/Frameworks/CoreImage.framework/Versions/A/CoreImage
0x00000000031a9000 	/System/Library/PrivateFrameworks/CrashReporterSupport.framework/Versions/A/CrashReporterSupport
0x00000000031a9000 	/System/Library/Frameworks/OpenCL.framework/Versions/A/OpenCL
0x00000000031a9000 	/System/Library/PrivateFrameworks/FaceCore.framework/Versions/A/FaceCore
0x00000000031a9000 	/System/Library/PrivateFrameworks/Ubiquity.framework/Versions/A/Ubiquity
0x00000000031a9000 	/System/Library/PrivateFrameworks/IconServices.framework/Versions/A/IconServices
0x00000000031a9000 	/System/Library/PrivateFrameworks/ChunkingLibrary.framework/Versions/A/ChunkingLibrary
0x00000000031a9000 	/System/Library/PrivateFrameworks/Apple80211.framework/Versions/A/Apple80211
0x00000000031a9000 	/System/Library/Frameworks/CoreWLAN.framework/Versions/A/CoreWLAN
0x00000000031a9000 	/System/Library/Frameworks/IOBluetooth.framework/Versions/A/IOBluetooth
0x00000000031a9000 	/System/Library/PrivateFrameworks/CoreWiFi.framework/Versions/A/CoreWiFi
0x00000000031a9000 	/System/Library/Frameworks/CoreBluetooth.framework/Versions/A/CoreBluetooth
0x00000000031a9000 	/System/Library/PrivateFrameworks/DebugSymbols.framework/Versions/A/DebugSymbols
0x00000000031a9000 	/System/Library/PrivateFrameworks/CoreSymbolication.framework/Versions/A/CoreSymbolication
0x00000000031a9000 	/System/Library/PrivateFrameworks/Symbolication.framework/Versions/A/Symbolication
0x00000000031a9000 	/System/Library/PrivateFrameworks/SpeechRecognitionCore.framework/Versions/A/SpeechRecognitionCore
0x000000010e200000 	/Library/Java/JavaVirtualMachines/jdk1.7.0_21.jdk/Contents/Home/jre/lib/server/libjvm.dylib
0x00000000031a9000 	/usr/lib/libstdc++.6.dylib
0x000000010d1d4000 	/Library/Java/JavaVirtualMachines/jdk1.7.0_21.jdk/Contents/Home/jre/lib/libverify.dylib
0x000000010eca9000 	/Library/Java/JavaVirtualMachines/jdk1.7.0_21.jdk/Contents/Home/jre/lib/libjava.dylib
0x000000010ecd9000 	/Library/Java/JavaVirtualMachines/jdk1.7.0_21.jdk/Contents/Home/jre/lib/libjdwp.dylib
0x000000010d1e2000 	/Library/Java/JavaVirtualMachines/jdk1.7.0_21.jdk/Contents/Home/jre/lib/./libnpt.dylib
0x000000010d1ef000 	/Library/Java/JavaVirtualMachines/jdk1.7.0_21.jdk/Contents/Home/jre/lib/libzip.dylib
0x0000000112496000 	/System/Library/Frameworks/JavaVM.framework/Frameworks/JavaRuntimeSupport.framework/JavaRuntimeSupport
0x00000001124ae000 	/System/Library/Frameworks/JavaVM.framework/Versions/A/Frameworks/JavaNativeFoundation.framework/Versions/A/JavaNativeFoundation
0x00000001124c3000 	/System/Library/Frameworks/JavaVM.framework/Versions/A/JavaVM
0x00000000031a9000 	/System/Library/Frameworks/Carbon.framework/Versions/A/Carbon
0x00000001124d0000 	/System/Library/PrivateFrameworks/JavaLaunching.framework/Versions/A/JavaLaunching
0x00000000031a9000 	/System/Library/Frameworks/Carbon.framework/Versions/A/Frameworks/CommonPanels.framework/Versions/A/CommonPanels
0x00000000031a9000 	/System/Library/Frameworks/Carbon.framework/Versions/A/Frameworks/Help.framework/Versions/A/Help
0x00000000031a9000 	/System/Library/Frameworks/Carbon.framework/Versions/A/Frameworks/ImageCapture.framework/Versions/A/ImageCapture
0x00000000031a9000 	/System/Library/Frameworks/Carbon.framework/Versions/A/Frameworks/OpenScripting.framework/Versions/A/OpenScripting
0x00000000031a9000 	/System/Library/Frameworks/Carbon.framework/Versions/A/Frameworks/Print.framework/Versions/A/Print
0x00000000031a9000 	/System/Library/Frameworks/Carbon.framework/Versions/A/Frameworks/SecurityHI.framework/Versions/A/SecurityHI
0x0000000113ddc000 	/Library/Java/JavaVirtualMachines/jdk1.7.0_21.jdk/Contents/Home/jre/lib/libdt_socket.dylib
0x0000000114530000 	/Library/Java/JavaVirtualMachines/jdk1.7.0_21.jdk/Contents/Home/jre/lib/libawt.dylib
0x00000001145df000 	/Library/Java/JavaVirtualMachines/jdk1.7.0_21.jdk/Contents/Home/jre/lib/./libmlib_image.dylib
0x00000001146ab000 	/Library/Java/JavaVirtualMachines/jdk1.7.0_21.jdk/Contents/Home/jre/lib/lwawt/liblwawt.dylib
0x000000011475d000 	/Library/Java/JavaVirtualMachines/jdk1.7.0_21.jdk/Contents/Home/jre/lib/libosxapp.dylib
0x00000000031a9000 	/System/Library/Frameworks/ExceptionHandling.framework/Versions/A/ExceptionHandling
0x00000000031a9000 	/System/Library/PrivateFrameworks/CoreServicesInternal.framework/Versions/A/CoreServicesInternal
0x00000000031a9000 	/System/Library/PrivateFrameworks/CloudDocs.framework/Versions/A/CloudDocs
0x00000000031a9000 	/System/Library/PrivateFrameworks/CoreDuet.framework/Versions/A/CoreDuet
0x00000000031a9000 	/System/Library/Frameworks/CloudKit.framework/Versions/A/CloudKit
0x00000000031a9000 	/System/Library/PrivateFrameworks/ProtocolBuffer.framework/Versions/A/ProtocolBuffer
0x00000000031a9000 	/System/Library/PrivateFrameworks/CoreDuetDaemonProtocol.framework/Versions/A/CoreDuetDaemonProtocol
0x00000000031a9000 	/System/Library/PrivateFrameworks/CoreDuetDebugLogging.framework/Versions/A/CoreDuetDebugLogging
0x00000000031a9000 	/System/Library/Frameworks/CoreLocation.framework/Versions/A/CoreLocation
0x00000000031a9000 	/System/Library/Frameworks/Accounts.framework/Versions/A/Accounts
0x00000000031a9000 	/System/Library/PrivateFrameworks/ApplePushService.framework/Versions/A/ApplePushService
0x00000000031a9000 	/System/Library/PrivateFrameworks/GeoServices.framework/Versions/A/GeoServices
0x00000000031a9000 	/System/Library/PrivateFrameworks/OAuth.framework/Versions/A/OAuth
0x00000000031a9000 	/System/Library/PrivateFrameworks/CoreDaemon.framework/Versions/B/CoreDaemon
0x00000000031a9000 	/usr/lib/libcrypto.0.9.8.dylib
0x00000000031a9000 	/System/Library/PrivateFrameworks/AppleSRP.framework/Versions/A/AppleSRP
0x00000000031a9000 	/System/Library/PrivateFrameworks/TrustEvaluationAgent.framework/Versions/A/TrustEvaluationAgent
0x00000000031a9000 	/System/Library/Frameworks/CoreGraphics.framework/Versions/A/Resources/libCGCMS.A.dylib
0x00000000031a9000 	/System/Library/Frameworks/CoreGraphics.framework/Versions/A/Resources/libRIP.A.dylib
0x00000000031a9000 	/System/Library/Frameworks/CoreGraphics.framework/Versions/A/Resources/libCGXType.A.dylib
0x00000000031a9000 	/System/Library/Frameworks/OpenCL.framework/Versions/A/Libraries/libcldcpuengine.dylib
0x00000000031a9000 	/System/Library/PrivateFrameworks/DiskImages.framework/Versions/A/DiskImages
0x00000000031a9000 	/System/Library/Frameworks/DiscRecording.framework/Versions/A/DiscRecording
0x00000000031a9000 	/usr/lib/libcsfde.dylib
0x00000000031a9000 	/usr/lib/libcurl.4.dylib
0x00000000031a9000 	/System/Library/PrivateFrameworks/MediaKit.framework/Versions/A/MediaKit
0x00000000031a9000 	/System/Library/PrivateFrameworks/ProtectedCloudStorage.framework/Versions/A/ProtectedCloudStorage
0x00000000031a9000 	/usr/lib/libCoreStorage.dylib
0x00000000031a9000 	/System/Library/PrivateFrameworks/EFILogin.framework/Versions/A/EFILogin
0x00000000031a9000 	/usr/lib/libutil.dylib
0x00000000031a9000 	/System/Library/PrivateFrameworks/FindMyDevice.framework/Versions/A/FindMyDevice
0x00000000031a9000 	/System/Library/Frameworks/LDAP.framework/Versions/A/LDAP
0x00000000031a9000 	/usr/lib/libsasl2.2.dylib
0x0000000114b55000 	cl_kernels
0x000000011733a000 	/System/Library/Frameworks/OpenCL.framework/Versions/A/Libraries/ImageFormats/unorm8_bgra.dylib
0x00000001174f8000 	cl_kernels
0x00000000031a9000 	/System/Library/PrivateFrameworks/FamilyControls.framework/Versions/A/FamilyControls
0x00000000031a9000 	/System/Library/PrivateFrameworks/CommerceKit.framework/Versions/A/Frameworks/CommerceCore.framework/Versions/A/CommerceCore
0x00000000031a9000 	/System/Library/PrivateFrameworks/SystemAdministration.framework/Versions/A/SystemAdministration
0x00000000031a9000 	/System/Library/PrivateFrameworks/AppContainer.framework/Versions/A/AppContainer
0x00000000031a9000 	/System/Library/PrivateFrameworks/SecCodeWrapper.framework/Versions/A/SecCodeWrapper
0x00000000031a9000 	/System/Library/Frameworks/DirectoryService.framework/Versions/A/DirectoryService
0x00000000031a9000 	/System/Library/PrivateFrameworks/LoginUIKit.framework/Versions/A/Frameworks/LoginUICore.framework/Versions/A/LoginUICore
0x00000000031a9000 	/usr/lib/libodfde.dylib
0x00000000031a9000 	/System/Library/Frameworks/OpenGL.framework/Versions/A/Resources/GLEngine.bundle/GLEngine
0x00000000031a9000 	/System/Library/Frameworks/OpenGL.framework/Versions/A/Libraries/libGLProgrammability.dylib
0x0000000000000000 	/System/Library/Extensions/AppleIntelHD4000GraphicsGLDriver.bundle/Contents/MacOS/AppleIntelHD4000GraphicsGLDriver
0x00000000031a9000 	/System/Library/PrivateFrameworks/IOAccelerator.framework/Versions/A/IOAccelerator
0x00000000031a9000 	/System/Library/PrivateFrameworks/GPUSupport.framework/Versions/A/Libraries/libGPUSupportMercury.dylib
0x0000000000000000 	/System/Library/Extensions/GeForceGLDriver.bundle/Contents/MacOS/GeForceGLDriver
0x00000000031a9000 	/System/Library/Extensions/GeForceGLDriver.bundle/Contents/MacOS/libclh.dylib
0x00000000031a9000 	/System/Library/Frameworks/OpenGL.framework/Versions/A/Resources/GLRendererFloat.bundle/GLRendererFloat
0x0000000119a6a000 	/Library/Java/JavaVirtualMachines/jdk1.7.0_21.jdk/Contents/Home/jre/lib/libfontmanager.dylib
0x0000000119ad4000 	/Library/Java/JavaVirtualMachines/jdk1.7.0_21.jdk/Contents/Home/jre/lib/libosxui.dylib
0x0000000119d7f000 	/Library/Java/JavaVirtualMachines/jdk1.7.0_21.jdk/Contents/Home/jre/lib/libnet.dylib
0x0000000119b90000 	/Library/Java/JavaVirtualMachines/jdk1.7.0_21.jdk/Contents/Home/jre/lib/libnio.dylib
0x00000000031a9000 	/System/Library/Frameworks/Accelerate.framework/Versions/A/Frameworks/vImage.framework/Versions/A/Libraries/libCGInterfaces.dylib

VM Arguments:
jvm_args: -agentlib:jdwp=transport=dt_socket,suspend=y,address=localhost:57064 -Dfile.encoding=UTF-8 
java_command: Driver
Launcher Type: SUN_STANDARD

Environment Variables:
PATH=/usr/bin:/bin:/usr/sbin:/sbin
SHELL=/bin/bash

Signal Handlers:
SIGSEGV: [libjvm.dylib+0x4a4e2d], sa_mask[0]=0xfffefeff, sa_flags=0x00000042
SIGBUS: [libjvm.dylib+0x4a4e2d], sa_mask[0]=0xfffefeff, sa_flags=0x00000042
SIGFPE: [libjvm.dylib+0x3b4729], sa_mask[0]=0xfffefeff, sa_flags=0x00000042
SIGPIPE: [libjvm.dylib+0x3b4729], sa_mask[0]=0xfffefeff, sa_flags=0x00000042
SIGXFSZ: [libjvm.dylib+0x3b4729], sa_mask[0]=0xfffefeff, sa_flags=0x00000042
SIGILL: [libjvm.dylib+0x3b4729], sa_mask[0]=0xfffefeff, sa_flags=0x00000042
SIGUSR1: SIG_DFL, sa_mask[0]=0x00000000, sa_flags=0x00000000
SIGUSR2: [libjvm.dylib+0x3b42c2], sa_mask[0]=0x00000004, sa_flags=0x00000042
SIGHUP: [libjvm.dylib+0x3b2523], sa_mask[0]=0xfffefeff, sa_flags=0x00000042
SIGINT: [libjvm.dylib+0x3b2523], sa_mask[0]=0xfffefeff, sa_flags=0x00000042
SIGTERM: [libjvm.dylib+0x3b2523], sa_mask[0]=0xfffefeff, sa_flags=0x00000042
SIGQUIT: [libjvm.dylib+0x3b2523], sa_mask[0]=0xfffefeff, sa_flags=0x00000042


---------------  S Y S T E M  ---------------

OS:Bsduname:Darwin 14.0.0 Darwin Kernel Version 14.0.0: Fri Sep 19 00:26:44 PDT 2014; root:xnu-2782.1.97~2/RELEASE_X86_64 x86_64
rlimit: STACK 8192k, CORE 0k, NPROC 709, NOFILE 10240, AS infinity
load average:2.14 1.86 1.80

CPU:total 8 (4 cores per cpu, 2 threads per core) family 6 model 58 stepping 9, cmov, cx8, fxsr, mmx, sse, sse2, sse3, ssse3, sse4.1, sse4.2, popcnt, avx, ht, tsc, tscinvbit, tscinv

Memory: 4k page, physical 1090728k(272682k free)

/proc/meminfo:


vm_info: Java HotSpot(TM) 64-Bit Server VM (23.21-b01) for bsd-amd64 JRE (1.7.0_21-b12), built on Apr  7 2013 14:55:50 by "java_re" with gcc 4.2.1 (Based on Apple Inc. build 5658) (LLVM build 2336.11.00)

time: Mon Nov 24 00:26:45 2014
elapsed time: 123 seconds

